[12/Apr/2013:18:04:41] ENGINE Listening for SIGHUP.
[12/Apr/2013:18:04:41] ENGINE Listening for SIGTERM.
[12/Apr/2013:18:04:41] ENGINE Listening for SIGUSR1.
[12/Apr/2013:18:04:41] ENGINE Bus STARTING
[12/Apr/2013:18:04:41] ENGINE Started monitor thread '_TimeoutMonitor'.
[12/Apr/2013:18:04:41] ENGINE Serving on 127.0.0.1:8080
[12/Apr/2013:18:04:41] ENGINE Bus STARTED
[12/Apr/2013:18:05:01] HTTP Traceback (most recent call last):
  File "/usr/lib/python2.7/site-packages/cherrypy/_cprequest.py", line 656, in respond
    response.body = self.handler()
  File "/usr/lib/python2.7/site-packages/cherrypy/lib/encoding.py", line 228, in __call__
    ct.params['charset'] = self.find_acceptable_charset()
  File "/usr/lib/python2.7/site-packages/cherrypy/lib/encoding.py", line 142, in find_acceptable_charset
    if encoder(self.default_encoding):
  File "/usr/lib/python2.7/site-packages/cherrypy/lib/encoding.py", line 86, in encode_string
    for chunk in self.body:
TypeError: 'bool' object is not iterable

[12/Apr/2013:18:05:09]  Traceback (most recent call last):
  File "/usr/lib/python2.7/site-packages/cherrypy/_cprequest.py", line 102, in run
    hook()
  File "/usr/lib/python2.7/site-packages/cherrypy/_cprequest.py", line 62, in __call__
    return self.callback(**self.kwargs)
  File "/usr/lib/python2.7/site-packages/cherrypy/_cptools.py", line 176, in _wrapper
    if self.callable(**kwargs):
TypeError: staticdir() got an unexpected keyword argument 'content_type'

[12/Apr/2013:18:05:09] HTTP Traceback (most recent call last):
  File "/usr/lib/python2.7/site-packages/cherrypy/_cprequest.py", line 653, in respond
    self.hooks.run('before_handler')
  File "/usr/lib/python2.7/site-packages/cherrypy/_cprequest.py", line 112, in run
    raise exc
TypeError: staticdir() got an unexpected keyword argument 'content_type'

[12/Apr/2013:18:06:25] ENGINE Caught signal SIGTERM.
[12/Apr/2013:18:06:25] ENGINE Bus STOPPING
[12/Apr/2013:18:06:25] ENGINE HTTP Server cherrypy._cpwsgi_server.CPWSGIServer(('127.0.0.1', 8080)) shut down
[12/Apr/2013:18:06:25] ENGINE Stopped thread '_TimeoutMonitor'.
[12/Apr/2013:18:06:25] ENGINE Bus STOPPED
[12/Apr/2013:18:06:25] ENGINE Bus EXITING
[12/Apr/2013:18:06:25] ENGINE Bus EXITED
[12/Apr/2013:18:06:25] ENGINE Waiting for child threads to terminate...
[12/Apr/2013:18:06:35] ENGINE Listening for SIGHUP.
[12/Apr/2013:18:06:35] ENGINE Listening for SIGTERM.
[12/Apr/2013:18:06:35] ENGINE Listening for SIGUSR1.
[12/Apr/2013:18:06:35] ENGINE Bus STARTING
[12/Apr/2013:18:06:35] ENGINE Started monitor thread '_TimeoutMonitor'.
[12/Apr/2013:18:06:35] ENGINE Serving on 127.0.0.1:8080
[12/Apr/2013:18:06:35] ENGINE Bus STARTED
[12/Apr/2013:18:06:39]  Traceback (most recent call last):
  File "/usr/lib/python2.7/site-packages/cherrypy/_cprequest.py", line 102, in run
    hook()
  File "/usr/lib/python2.7/site-packages/cherrypy/_cprequest.py", line 62, in __call__
    return self.callback(**self.kwargs)
  File "/usr/lib/python2.7/site-packages/cherrypy/_cptools.py", line 176, in _wrapper
    if self.callable(**kwargs):
TypeError: staticdir() got an unexpected keyword argument 'content_type'

[12/Apr/2013:18:06:39] HTTP Traceback (most recent call last):
  File "/usr/lib/python2.7/site-packages/cherrypy/_cprequest.py", line 653, in respond
    self.hooks.run('before_handler')
  File "/usr/lib/python2.7/site-packages/cherrypy/_cprequest.py", line 112, in run
    raise exc
TypeError: staticdir() got an unexpected keyword argument 'content_type'

[12/Apr/2013:18:07:08]  Traceback (most recent call last):
  File "/usr/lib/python2.7/site-packages/cherrypy/_cprequest.py", line 102, in run
    hook()
  File "/usr/lib/python2.7/site-packages/cherrypy/_cprequest.py", line 62, in __call__
    return self.callback(**self.kwargs)
  File "/usr/lib/python2.7/site-packages/cherrypy/_cptools.py", line 176, in _wrapper
    if self.callable(**kwargs):
TypeError: staticdir() got an unexpected keyword argument 'content_type'

[12/Apr/2013:18:07:08] HTTP Traceback (most recent call last):
  File "/usr/lib/python2.7/site-packages/cherrypy/_cprequest.py", line 653, in respond
    self.hooks.run('before_handler')
  File "/usr/lib/python2.7/site-packages/cherrypy/_cprequest.py", line 112, in run
    raise exc
TypeError: staticdir() got an unexpected keyword argument 'content_type'

[12/Apr/2013:18:07:15] ENGINE Caught signal SIGTERM.
[12/Apr/2013:18:07:15] ENGINE Bus STOPPING
[12/Apr/2013:18:07:18] ENGINE HTTP Server cherrypy._cpwsgi_server.CPWSGIServer(('127.0.0.1', 8080)) shut down
[12/Apr/2013:18:07:18] ENGINE Stopped thread '_TimeoutMonitor'.
[12/Apr/2013:18:07:18] ENGINE Bus STOPPED
[12/Apr/2013:18:07:18] ENGINE Bus EXITING
[12/Apr/2013:18:07:18] ENGINE Bus EXITED
[12/Apr/2013:18:07:18] ENGINE Waiting for child threads to terminate...
[12/Apr/2013:18:07:23] ENGINE Listening for SIGHUP.
[12/Apr/2013:18:07:23] ENGINE Listening for SIGTERM.
[12/Apr/2013:18:07:23] ENGINE Listening for SIGUSR1.
[12/Apr/2013:18:07:23] ENGINE Bus STARTING
[12/Apr/2013:18:07:23] ENGINE Started monitor thread '_TimeoutMonitor'.
[12/Apr/2013:18:07:24] ENGINE Serving on 127.0.0.1:8080
[12/Apr/2013:18:07:24] ENGINE Bus STARTED
[12/Apr/2013:18:07:28]  Traceback (most recent call last):
  File "/usr/lib/python2.7/site-packages/cherrypy/_cprequest.py", line 102, in run
    hook()
  File "/usr/lib/python2.7/site-packages/cherrypy/_cprequest.py", line 62, in __call__
    return self.callback(**self.kwargs)
  File "/usr/lib/python2.7/site-packages/cherrypy/_cptools.py", line 176, in _wrapper
    if self.callable(**kwargs):
TypeError: staticdir() got an unexpected keyword argument 'content_type'

[12/Apr/2013:18:07:28] HTTP Traceback (most recent call last):
  File "/usr/lib/python2.7/site-packages/cherrypy/_cprequest.py", line 653, in respond
    self.hooks.run('before_handler')
  File "/usr/lib/python2.7/site-packages/cherrypy/_cprequest.py", line 112, in run
    raise exc
TypeError: staticdir() got an unexpected keyword argument 'content_type'

[12/Apr/2013:18:08:05] ENGINE Caught signal SIGTERM.
[12/Apr/2013:18:08:05] ENGINE Bus STOPPING
[12/Apr/2013:18:08:05] ENGINE HTTP Server cherrypy._cpwsgi_server.CPWSGIServer(('127.0.0.1', 8080)) shut down
[12/Apr/2013:18:08:05] ENGINE Stopped thread '_TimeoutMonitor'.
[12/Apr/2013:18:08:05] ENGINE Bus STOPPED
[12/Apr/2013:18:08:05] ENGINE Bus EXITING
[12/Apr/2013:18:08:05] ENGINE Bus EXITED
[12/Apr/2013:18:08:05] ENGINE Waiting for child threads to terminate...
[12/Apr/2013:18:08:22] ENGINE Listening for SIGHUP.
[12/Apr/2013:18:08:22] ENGINE Listening for SIGTERM.
[12/Apr/2013:18:08:22] ENGINE Listening for SIGUSR1.
[12/Apr/2013:18:08:22] ENGINE Bus STARTING
[12/Apr/2013:18:08:22] ENGINE Started monitor thread '_TimeoutMonitor'.
[12/Apr/2013:18:08:22] ENGINE Serving on 127.0.0.1:8080
[12/Apr/2013:18:08:22] ENGINE Bus STARTED
[15/Apr/2013:09:36:09] ENGINE Listening for SIGHUP.
[15/Apr/2013:09:36:09] ENGINE Listening for SIGTERM.
[15/Apr/2013:09:36:09] ENGINE Listening for SIGUSR1.
[15/Apr/2013:09:36:09] ENGINE Bus STARTING
[15/Apr/2013:09:36:09] ENGINE Started monitor thread '_TimeoutMonitor'.
[15/Apr/2013:09:36:09] ENGINE Serving on 127.0.0.1:8080
[15/Apr/2013:09:36:09] ENGINE Bus STARTED
[15/Apr/2013:09:40:36] ENGINE Keyboard Interrupt: shutting down bus
[15/Apr/2013:09:40:36] ENGINE Bus STOPPING
[15/Apr/2013:09:40:36] ENGINE HTTP Server cherrypy._cpwsgi_server.CPWSGIServer(('127.0.0.1', 8080)) shut down
[15/Apr/2013:09:40:36] ENGINE Stopped thread '_TimeoutMonitor'.
[15/Apr/2013:09:40:36] ENGINE Bus STOPPED
[15/Apr/2013:09:40:36] ENGINE Bus EXITING
[15/Apr/2013:09:40:36] ENGINE Bus EXITED
[15/Apr/2013:09:40:36] ENGINE Waiting for child threads to terminate...
